<?xml version="1.0" encoding="UTF-8"?>
<!-- Generated by org.testng.reporters.JUnitReportReporter -->
<testsuite hostname="DESKTOP-I1HVQQF" failures="0" tests="1" name="TestClasses.TechPanda" time="2.197" errors="0" timestamp="2023-01-12T13:14:55 IST" skipped="0">
  <testcase classname="TestClasses.TechPanda" name="IndexPage" time="2.197"/>
  <system-out>
    <![CDATA[Login Page Opened
Current Page is Home Page as Expected]]>
  </system-out>
</testsuite> <!-- TestClasses.TechPanda -->
