<?xml version="1.0" encoding="UTF-8"?>
<!-- Generated by org.testng.reporters.JUnitReportReporter -->
<testsuite hostname="DESKTOP-I1HVQQF" failures="0" tests="1" name="TestClass.TestAltoroWebsite" time="13.722" errors="0" timestamp="2023-01-12T18:10:28 IST" skipped="0">
  <testcase classname="TestClass.TestAltoroWebsite" name="TestCaseId" time="13.722"/>
  <system-out>
    <![CDATA[Data Matched Successfull
Message Displayed Thank You
Sign Off Sucessfully]]>
  </system-out>
</testsuite> <!-- TestClass.TestAltoroWebsite -->
